2019-03-22 18:59:27,025   GET     301      16 ms  /
2019-03-22 18:59:27,142   GET     200     104 ms  /3/Cloud
2019-03-22 18:59:27,154   GET     301       1 ms  /
2019-03-22 18:59:27,166   GET     200       3 ms  /3/Cloud
2019-03-22 18:59:27,178   GET     200       1 ms  /3/Cloud
2019-03-22 18:59:27,203   GET     200      15 ms  /3/Capabilities/API
2019-03-22 18:59:27,217   GET     200       2 ms  /3/Cloud
2019-03-22 18:59:27,233   GET     200       2 ms  /3/Cloud
2019-03-22 18:59:27,253   GET     200       8 ms  /3/InitID
2019-03-22 18:59:27,996   GET     200       1 ms  /3/Cloud
2019-03-22 18:59:28,256   GET     200     251 ms  /3/Frames/frame_rdd_141_bd9839c9d16eb422d7705e11aa9949a4
2019-03-22 18:59:28,485   GET     200       1 ms  /3/Cloud
2019-03-22 18:59:28,498   GET     200       1 ms  /3/Cloud
2019-03-22 18:59:29,264   POST    200     756 ms  /99/Rapids
2019-03-22 18:59:29,346   GET     200      39 ms  /3/Frames/RTMP_sid_a2d8_1
2019-03-22 18:59:39,124   GET     200       2 ms  /3/Cloud
2019-03-22 18:59:39,186   GET     200      54 ms  /3/ModelBuilders/gbm
2019-03-22 18:59:39,221   GET     200       1 ms  /3/Cloud
2019-03-22 18:59:39,392   POST    200     164 ms  /3/ModelBuilders/gbm
2019-03-22 18:59:39,458   GET     200       6 ms  /3/Jobs/$03017f00000132d4ffffffff$_b36716ae10ea489494b9e2e5aa384f12
2019-03-22 18:59:40,475   GET     200       2 ms  /3/Jobs/$03017f00000132d4ffffffff$_b36716ae10ea489494b9e2e5aa384f12
2019-03-22 18:59:41,491   GET     200       1 ms  /3/Jobs/$03017f00000132d4ffffffff$_b36716ae10ea489494b9e2e5aa384f12
2019-03-22 18:59:42,514   GET     200      10 ms  /3/Jobs/$03017f00000132d4ffffffff$_b36716ae10ea489494b9e2e5aa384f12
2019-03-22 18:59:43,531   GET     200       2 ms  /3/Jobs/$03017f00000132d4ffffffff$_b36716ae10ea489494b9e2e5aa384f12
2019-03-22 18:59:44,544   GET     200       1 ms  /3/Jobs/$03017f00000132d4ffffffff$_b36716ae10ea489494b9e2e5aa384f12
2019-03-22 18:59:44,559   GET     200       2 ms  /3/Cloud
2019-03-22 18:59:44,630   GET     200      63 ms  /3/Models/GBM_model_R_1553273956577_1
2019-03-22 18:59:55,609   GET     200       1 ms  /3/Cloud
2019-03-22 18:59:55,629   GET     200      12 ms  /3/ModelBuilders/deeplearning
2019-03-22 18:59:55,680   GET     200       1 ms  /3/Cloud
2019-03-22 18:59:55,757   POST    200      68 ms  /3/ModelBuilders/deeplearning
2019-03-22 18:59:55,854   GET     200       1 ms  /3/Jobs/$03017f00000132d4ffffffff$_9eefad46df9fc367ad5e083231ee4495
2019-03-22 18:59:56,868   GET     200       1 ms  /3/Jobs/$03017f00000132d4ffffffff$_9eefad46df9fc367ad5e083231ee4495
2019-03-22 18:59:57,882   GET     200       1 ms  /3/Jobs/$03017f00000132d4ffffffff$_9eefad46df9fc367ad5e083231ee4495
2019-03-22 18:59:58,903   GET     200       1 ms  /3/Jobs/$03017f00000132d4ffffffff$_9eefad46df9fc367ad5e083231ee4495
2019-03-22 18:59:59,920   GET     200       2 ms  /3/Jobs/$03017f00000132d4ffffffff$_9eefad46df9fc367ad5e083231ee4495
2019-03-22 19:00:00,956   GET     200       1 ms  /3/Jobs/$03017f00000132d4ffffffff$_9eefad46df9fc367ad5e083231ee4495
2019-03-22 19:00:01,975   GET     200       1 ms  /3/Jobs/$03017f00000132d4ffffffff$_9eefad46df9fc367ad5e083231ee4495
2019-03-22 19:00:03,000   GET     200       1 ms  /3/Jobs/$03017f00000132d4ffffffff$_9eefad46df9fc367ad5e083231ee4495
2019-03-22 19:00:04,018   GET     200       1 ms  /3/Jobs/$03017f00000132d4ffffffff$_9eefad46df9fc367ad5e083231ee4495
2019-03-22 19:00:05,031   GET     200       2 ms  /3/Jobs/$03017f00000132d4ffffffff$_9eefad46df9fc367ad5e083231ee4495
2019-03-22 19:00:06,050   GET     200       1 ms  /3/Jobs/$03017f00000132d4ffffffff$_9eefad46df9fc367ad5e083231ee4495
2019-03-22 19:00:06,061   GET     200       2 ms  /3/Cloud
2019-03-22 19:00:06,084   GET     200      16 ms  /3/Models/DeepLearning_model_R_1553273956577_2
