2019-03-19 16:22:29,268   GET     301      14 ms  /
2019-03-19 16:22:29,395   GET     200     117 ms  /3/Cloud
2019-03-19 16:22:29,409   GET     301       1 ms  /
2019-03-19 16:22:29,421   GET     200       5 ms  /3/Cloud
2019-03-19 16:22:29,432   GET     200       2 ms  /3/Cloud
2019-03-19 16:22:29,456   GET     200      15 ms  /3/Capabilities/API
2019-03-19 16:22:29,467   GET     200       1 ms  /3/Cloud
2019-03-19 16:22:29,476   GET     200       2 ms  /3/Cloud
2019-03-19 16:22:29,495   GET     200      10 ms  /3/InitID
2019-03-19 16:22:30,212   GET     200       2 ms  /3/Cloud
2019-03-19 16:22:30,442   GET     200     217 ms  /3/Frames/frame_rdd_116_96b538e58079dbc99684c5d49e494842
2019-03-19 16:52:43,839   GET     200       6 ms  /3/Cloud
2019-03-19 16:52:43,904   GET     200      56 ms  /3/ModelBuilders/gbm
2019-03-19 16:52:43,940   GET     200       1 ms  /3/Cloud
2019-03-19 16:52:44,111   POST    412     163 ms  /3/ModelBuilders/gbm
2019-03-19 16:54:49,043   GET     200       1 ms  /3/Cloud
2019-03-19 16:54:49,063   GET     200      12 ms  /3/ModelBuilders/gbm
2019-03-19 16:54:49,100   GET     200       1 ms  /3/Cloud
2019-03-19 16:54:49,119   POST    412      11 ms  /3/ModelBuilders/gbm
2019-03-19 16:58:47,334   GET     200       4 ms  /3/Cloud
2019-03-19 16:58:47,347   GET     200       3 ms  /3/Cloud
2019-03-19 16:58:47,544   POST    200     163 ms  /99/Rapids
2019-03-19 16:58:47,562   GET     200       9 ms  /3/Frames/RTMP_sid_bb41_1
2019-03-19 16:58:55,381   GET     200       2 ms  /3/Cloud
2019-03-19 16:58:55,394   POST    200       4 ms  /99/Rapids
2019-03-19 16:58:55,406   GET     200       4 ms  /3/Cloud
2019-03-19 16:58:55,419   GET     200       4 ms  /3/Frames/RTMP_sid_bb41_2
2019-03-19 16:59:10,620   GET     200       1 ms  /3/Cloud
2019-03-19 16:59:10,634   GET     200       2 ms  /3/Cloud
2019-03-19 16:59:10,950   POST    200     307 ms  /99/Rapids
2019-03-19 16:59:10,967   GET     200       8 ms  /3/Frames/RTMP_sid_bb41_3
2019-03-19 16:59:19,811   GET     200       2 ms  /3/Cloud
2019-03-19 16:59:19,825   GET     200       5 ms  /3/ModelBuilders/gbm
2019-03-19 16:59:20,308   GET     200       1 ms  /3/Cloud
2019-03-19 16:59:20,325   POST    200       8 ms  /99/Rapids
2019-03-19 16:59:20,334   GET     200       2 ms  /3/Cloud
2019-03-19 16:59:20,345   POST    200       3 ms  /99/Rapids
2019-03-19 16:59:20,375   GET     200       2 ms  /3/Cloud
2019-03-19 16:59:20,451   POST    200      67 ms  /3/ModelBuilders/gbm
2019-03-19 16:59:20,516   GET     200      19 ms  /3/Jobs/$03017f00000132d4ffffffff$_81a0759838789ccf4ba9c581e1b6428e
2019-03-19 16:59:21,536   GET     200       2 ms  /3/Jobs/$03017f00000132d4ffffffff$_81a0759838789ccf4ba9c581e1b6428e
2019-03-19 16:59:22,549   GET     200       1 ms  /3/Jobs/$03017f00000132d4ffffffff$_81a0759838789ccf4ba9c581e1b6428e
2019-03-19 16:59:23,596   GET     200       3 ms  /3/Jobs/$03017f00000132d4ffffffff$_81a0759838789ccf4ba9c581e1b6428e
2019-03-19 16:59:24,611   GET     200       1 ms  /3/Jobs/$03017f00000132d4ffffffff$_81a0759838789ccf4ba9c581e1b6428e
2019-03-19 16:59:24,625   GET     200       1 ms  /3/Cloud
2019-03-19 16:59:24,695   GET     200      62 ms  /3/Models/GBM_model_R_1553005339156_3
2019-03-19 16:59:42,035   GET     200       2 ms  /3/Cloud
2019-03-19 16:59:42,053   GET     200       9 ms  /3/ModelBuilders/gbm
2019-03-19 16:59:42,096   GET     200       2 ms  /3/Cloud
2019-03-19 16:59:42,112   POST    200       8 ms  /3/ModelBuilders/gbm
2019-03-19 16:59:42,169   GET     200       1 ms  /3/Jobs/$03017f00000132d4ffffffff$_a04d1428325b1376fc9900f642c94b2c
2019-03-19 16:59:43,182   GET     200       2 ms  /3/Jobs/$03017f00000132d4ffffffff$_a04d1428325b1376fc9900f642c94b2c
2019-03-19 16:59:44,199   GET     200       1 ms  /3/Jobs/$03017f00000132d4ffffffff$_a04d1428325b1376fc9900f642c94b2c
2019-03-19 16:59:45,211   GET     200       1 ms  /3/Jobs/$03017f00000132d4ffffffff$_a04d1428325b1376fc9900f642c94b2c
2019-03-19 16:59:45,226   GET     200       2 ms  /3/Cloud
2019-03-19 16:59:45,246   GET     200       7 ms  /3/Models/GBM_model_R_1553005339156_4
2019-03-19 17:14:11,919   GET     200       1 ms  /3/Cloud
2019-03-19 17:14:11,939   GET     200      12 ms  /3/ModelBuilders/deeplearning
2019-03-19 17:14:12,010   GET     200       1 ms  /3/Cloud
2019-03-19 17:14:12,076   POST    200      57 ms  /3/ModelBuilders/deeplearning
2019-03-19 17:14:12,156   GET     200       1 ms  /3/Jobs/$03017f00000132d4ffffffff$_98882704cf3f592d580bfbc701b44e00
2019-03-19 17:14:13,177   GET     200       2 ms  /3/Jobs/$03017f00000132d4ffffffff$_98882704cf3f592d580bfbc701b44e00
2019-03-19 17:14:14,195   GET     200       4 ms  /3/Jobs/$03017f00000132d4ffffffff$_98882704cf3f592d580bfbc701b44e00
2019-03-19 17:14:15,252   GET     200      11 ms  /3/Jobs/$03017f00000132d4ffffffff$_98882704cf3f592d580bfbc701b44e00
2019-03-19 17:14:16,269   GET     200       1 ms  /3/Jobs/$03017f00000132d4ffffffff$_98882704cf3f592d580bfbc701b44e00
2019-03-19 17:14:17,293   GET     200       1 ms  /3/Jobs/$03017f00000132d4ffffffff$_98882704cf3f592d580bfbc701b44e00
2019-03-19 17:14:18,307   GET     200       2 ms  /3/Jobs/$03017f00000132d4ffffffff$_98882704cf3f592d580bfbc701b44e00
2019-03-19 17:14:18,318   GET     200       1 ms  /3/Cloud
2019-03-19 17:14:18,342   GET     200      15 ms  /3/Models/DeepLearning_model_R_1553005339156_5
2019-03-19 17:17:33,028   GET     200     117 ms  /3/Models.java/GBM_model_R_1553005339156_4
2019-03-19 17:17:33,134   GET     200      93 ms  /3/h2o-genmodel.jar
2019-03-19 17:19:03,459   GET     200      98 ms  /3/Models/GBM_model_R_1553005339156_4/mojo
