19/03/20 01:48:48 INFO SparkContext: Starting job: collect at arrowconverters.scala:284
19/03/20 01:48:48 INFO DAGScheduler: Got job 21 (collect at arrowconverters.scala:284) with 2 output partitions
19/03/20 01:48:48 INFO DAGScheduler: Final stage: ResultStage 27 (collect at arrowconverters.scala:284)
19/03/20 01:48:48 INFO DAGScheduler: Parents of final stage: List()
19/03/20 01:48:48 INFO DAGScheduler: Missing parents: List()
19/03/20 01:48:48 INFO DAGScheduler: Submitting ResultStage 27 (MapPartitionsRDD[132] at collect at arrowconverters.scala:284), which has no missing parents
19/03/20 01:48:48 INFO MemoryStore: Block broadcast_33 stored as values in memory (estimated size 9.5 KB, free 6.1 GB)
19/03/20 01:48:48 INFO MemoryStore: Block broadcast_33_piece0 stored as bytes in memory (estimated size 4.9 KB, free 6.1 GB)
19/03/20 01:48:48 INFO BlockManagerInfo: Added broadcast_33_piece0 in memory on localhost:38879 (size: 4.9 KB, free: 6.1 GB)
19/03/20 01:48:48 INFO SparkContext: Created broadcast 33 from broadcast at DAGScheduler.scala:1161
19/03/20 01:48:48 INFO DAGScheduler: Submitting 2 missing tasks from ResultStage 27 (MapPartitionsRDD[132] at collect at arrowconverters.scala:284) (first 15 tasks are for partitions Vector(0, 1))
19/03/20 01:48:48 INFO TaskSchedulerImpl: Adding task set 27.0 with 2 tasks
19/03/20 01:48:48 INFO TaskSetManager: Starting task 0.0 in stage 27.0 (TID 93, localhost, executor driver, partition 0, PROCESS_LOCAL, 8076 bytes)
19/03/20 01:48:48 INFO TaskSetManager: Starting task 1.0 in stage 27.0 (TID 94, localhost, executor driver, partition 1, PROCESS_LOCAL, 8076 bytes)
19/03/20 01:48:48 INFO Executor: Running task 0.0 in stage 27.0 (TID 93)
19/03/20 01:48:48 INFO Executor: Running task 1.0 in stage 27.0 (TID 94)
19/03/20 01:48:48 INFO Executor: Finished task 0.0 in stage 27.0 (TID 93). 1506 bytes result sent to driver
19/03/20 01:48:48 INFO Executor: Finished task 1.0 in stage 27.0 (TID 94). 1463 bytes result sent to driver
19/03/20 01:48:48 INFO TaskSetManager: Finished task 0.0 in stage 27.0 (TID 93) in 23 ms on localhost (executor driver) (1/2)
19/03/20 01:48:48 INFO TaskSetManager: Finished task 1.0 in stage 27.0 (TID 94) in 16 ms on localhost (executor driver) (2/2)
19/03/20 01:48:48 INFO TaskSchedulerImpl: Removed TaskSet 27.0, whose tasks have all completed, from pool 
19/03/20 01:48:48 INFO DAGScheduler: ResultStage 27 (collect at arrowconverters.scala:284) finished in 0.037 s
19/03/20 01:48:48 INFO DAGScheduler: Job 21 finished: collect at arrowconverters.scala:284, took 0.041897 s
19/03/20 01:48:48 INFO SparkContext: Starting job: collect at arrowconverters.scala:284
19/03/20 01:48:48 INFO DAGScheduler: Got job 22 (collect at arrowconverters.scala:284) with 2 output partitions
19/03/20 01:48:48 INFO DAGScheduler: Final stage: ResultStage 28 (collect at arrowconverters.scala:284)
19/03/20 01:48:48 INFO DAGScheduler: Parents of final stage: List()
19/03/20 01:48:48 INFO DAGScheduler: Missing parents: List()
19/03/20 01:48:48 INFO DAGScheduler: Submitting ResultStage 28 (MapPartitionsRDD[138] at collect at arrowconverters.scala:284), which has no missing parents
19/03/20 01:48:48 INFO MemoryStore: Block broadcast_34 stored as values in memory (estimated size 9.5 KB, free 6.1 GB)
19/03/20 01:48:48 INFO MemoryStore: Block broadcast_34_piece0 stored as bytes in memory (estimated size 4.9 KB, free 6.1 GB)
19/03/20 01:48:48 INFO BlockManagerInfo: Added broadcast_34_piece0 in memory on localhost:38879 (size: 4.9 KB, free: 6.1 GB)
19/03/20 01:48:48 INFO SparkContext: Created broadcast 34 from broadcast at DAGScheduler.scala:1161
19/03/20 01:48:48 INFO DAGScheduler: Submitting 2 missing tasks from ResultStage 28 (MapPartitionsRDD[138] at collect at arrowconverters.scala:284) (first 15 tasks are for partitions Vector(0, 1))
19/03/20 01:48:48 INFO TaskSchedulerImpl: Adding task set 28.0 with 2 tasks
19/03/20 01:48:48 INFO TaskSetManager: Starting task 0.0 in stage 28.0 (TID 95, localhost, executor driver, partition 0, PROCESS_LOCAL, 8076 bytes)
19/03/20 01:48:48 INFO TaskSetManager: Starting task 1.0 in stage 28.0 (TID 96, localhost, executor driver, partition 1, PROCESS_LOCAL, 8076 bytes)
19/03/20 01:48:48 INFO Executor: Running task 0.0 in stage 28.0 (TID 95)
19/03/20 01:48:48 INFO Executor: Running task 1.0 in stage 28.0 (TID 96)
19/03/20 01:48:48 INFO Executor: Finished task 0.0 in stage 28.0 (TID 95). 1463 bytes result sent to driver
19/03/20 01:48:48 INFO TaskSetManager: Finished task 0.0 in stage 28.0 (TID 95) in 11 ms on localhost (executor driver) (1/2)
19/03/20 01:48:48 INFO Executor: Finished task 1.0 in stage 28.0 (TID 96). 1463 bytes result sent to driver
19/03/20 01:48:48 INFO TaskSetManager: Finished task 1.0 in stage 28.0 (TID 96) in 11 ms on localhost (executor driver) (2/2)
19/03/20 01:48:48 INFO TaskSchedulerImpl: Removed TaskSet 28.0, whose tasks have all completed, from pool 
19/03/20 01:48:48 INFO DAGScheduler: ResultStage 28 (collect at arrowconverters.scala:284) finished in 0.019 s
19/03/20 01:48:48 INFO DAGScheduler: Job 22 finished: collect at arrowconverters.scala:284, took 0.021264 s
19/03/20 01:49:31 INFO ContextCleaner: Cleaned accumulator 828
19/03/20 01:49:31 INFO ContextCleaner: Cleaned accumulator 855
19/03/20 01:49:31 INFO ContextCleaner: Cleaned accumulator 812
19/03/20 01:49:31 INFO ContextCleaner: Cleaned accumulator 857
19/03/20 01:49:31 INFO ContextCleaner: Cleaned accumulator 832
19/03/20 01:49:31 INFO ContextCleaner: Cleaned accumulator 841
19/03/20 01:49:31 INFO ContextCleaner: Cleaned accumulator 817
19/03/20 01:49:31 INFO BlockManagerInfo: Removed broadcast_33_piece0 on localhost:38879 in memory (size: 4.9 KB, free: 6.1 GB)
19/03/20 01:49:31 INFO ContextCleaner: Cleaned accumulator 834
19/03/20 01:49:31 INFO ContextCleaner: Cleaned accumulator 829
19/03/20 01:49:31 INFO ContextCleaner: Cleaned accumulator 835
19/03/20 01:49:31 INFO ContextCleaner: Cleaned accumulator 858
19/03/20 01:49:31 INFO ContextCleaner: Cleaned accumulator 856
19/03/20 01:49:31 INFO ContextCleaner: Cleaned accumulator 853
19/03/20 01:49:31 INFO ContextCleaner: Cleaned accumulator 852
19/03/20 01:49:31 INFO ContextCleaner: Cleaned accumulator 826
19/03/20 01:49:31 INFO ContextCleaner: Cleaned accumulator 830
19/03/20 01:49:31 INFO ContextCleaner: Cleaned accumulator 842
19/03/20 01:49:31 INFO ContextCleaner: Cleaned accumulator 825
19/03/20 01:49:31 INFO ContextCleaner: Cleaned accumulator 819
19/03/20 01:49:31 INFO ContextCleaner: Cleaned accumulator 843
19/03/20 01:49:31 INFO ContextCleaner: Cleaned accumulator 818
19/03/20 01:49:31 INFO ContextCleaner: Cleaned accumulator 814
19/03/20 01:49:31 INFO ContextCleaner: Cleaned accumulator 811
19/03/20 01:49:31 INFO ContextCleaner: Cleaned accumulator 820
19/03/20 01:49:31 INFO ContextCleaner: Cleaned accumulator 809
19/03/20 01:49:31 INFO ContextCleaner: Cleaned accumulator 836
19/03/20 01:49:31 INFO ContextCleaner: Cleaned accumulator 816
19/03/20 01:49:31 INFO BlockManagerInfo: Removed broadcast_34_piece0 on localhost:38879 in memory (size: 4.9 KB, free: 6.1 GB)
19/03/20 01:49:31 INFO ContextCleaner: Cleaned accumulator 831
19/03/20 01:49:31 INFO ContextCleaner: Cleaned accumulator 808
19/03/20 01:49:31 INFO ContextCleaner: Cleaned accumulator 849
19/03/20 01:49:31 INFO ContextCleaner: Cleaned accumulator 827
19/03/20 01:49:31 INFO ContextCleaner: Cleaned accumulator 838
19/03/20 01:49:31 INFO ContextCleaner: Cleaned accumulator 845
19/03/20 01:49:31 INFO ContextCleaner: Cleaned accumulator 822
19/03/20 01:49:31 INFO ContextCleaner: Cleaned accumulator 850
19/03/20 01:49:31 INFO ContextCleaner: Cleaned accumulator 824
19/03/20 01:49:31 INFO ContextCleaner: Cleaned accumulator 837
19/03/20 01:49:31 INFO ContextCleaner: Cleaned accumulator 807
19/03/20 01:49:31 INFO ContextCleaner: Cleaned accumulator 844
19/03/20 01:49:31 INFO ContextCleaner: Cleaned accumulator 810
19/03/20 01:49:31 INFO ContextCleaner: Cleaned accumulator 815
19/03/20 01:49:31 INFO ContextCleaner: Cleaned accumulator 847
19/03/20 01:49:31 INFO ContextCleaner: Cleaned accumulator 833
19/03/20 01:49:31 INFO ContextCleaner: Cleaned accumulator 813
19/03/20 01:49:31 INFO ContextCleaner: Cleaned accumulator 854
19/03/20 01:49:31 INFO ContextCleaner: Cleaned accumulator 839
19/03/20 01:49:31 INFO ContextCleaner: Cleaned accumulator 846
19/03/20 01:49:31 INFO ContextCleaner: Cleaned accumulator 823
19/03/20 01:49:31 INFO ContextCleaner: Cleaned accumulator 848
19/03/20 01:49:31 INFO ContextCleaner: Cleaned accumulator 851
19/03/20 01:49:31 INFO ContextCleaner: Cleaned accumulator 840
19/03/20 01:49:31 INFO ContextCleaner: Cleaned accumulator 821
19/03/20 01:49:31 INFO ContextCleaner: Cleaned accumulator 805
19/03/20 01:49:31 INFO ContextCleaner: Cleaned accumulator 806
19/03/20 09:48:28 INFO SparkContext: Starting job: collect at arrowconverters.scala:284
19/03/20 09:48:28 INFO DAGScheduler: Got job 23 (collect at arrowconverters.scala:284) with 2 output partitions
19/03/20 09:48:28 INFO DAGScheduler: Final stage: ResultStage 29 (collect at arrowconverters.scala:284)
19/03/20 09:48:28 INFO DAGScheduler: Parents of final stage: List()
19/03/20 09:48:28 INFO DAGScheduler: Missing parents: List()
19/03/20 09:48:28 INFO DAGScheduler: Submitting ResultStage 29 (MapPartitionsRDD[144] at collect at arrowconverters.scala:284), which has no missing parents
19/03/20 09:48:28 INFO MemoryStore: Block broadcast_35 stored as values in memory (estimated size 9.5 KB, free 6.1 GB)
19/03/20 09:48:28 INFO MemoryStore: Block broadcast_35_piece0 stored as bytes in memory (estimated size 4.9 KB, free 6.1 GB)
19/03/20 09:48:28 INFO BlockManagerInfo: Added broadcast_35_piece0 in memory on localhost:38879 (size: 4.9 KB, free: 6.1 GB)
19/03/20 09:48:28 INFO SparkContext: Created broadcast 35 from broadcast at DAGScheduler.scala:1161
19/03/20 09:48:28 INFO DAGScheduler: Submitting 2 missing tasks from ResultStage 29 (MapPartitionsRDD[144] at collect at arrowconverters.scala:284) (first 15 tasks are for partitions Vector(0, 1))
19/03/20 09:48:28 INFO TaskSchedulerImpl: Adding task set 29.0 with 2 tasks
19/03/20 09:48:28 INFO TaskSetManager: Starting task 0.0 in stage 29.0 (TID 97, localhost, executor driver, partition 0, PROCESS_LOCAL, 8076 bytes)
19/03/20 09:48:28 INFO TaskSetManager: Starting task 1.0 in stage 29.0 (TID 98, localhost, executor driver, partition 1, PROCESS_LOCAL, 8076 bytes)
19/03/20 09:48:28 INFO Executor: Running task 0.0 in stage 29.0 (TID 97)
19/03/20 09:48:28 INFO Executor: Running task 1.0 in stage 29.0 (TID 98)
19/03/20 09:48:28 INFO Executor: Finished task 0.0 in stage 29.0 (TID 97). 1506 bytes result sent to driver
19/03/20 09:48:28 INFO Executor: Finished task 1.0 in stage 29.0 (TID 98). 1506 bytes result sent to driver
19/03/20 09:48:28 INFO TaskSetManager: Finished task 0.0 in stage 29.0 (TID 97) in 23 ms on localhost (executor driver) (1/2)
19/03/20 09:48:28 INFO TaskSetManager: Finished task 1.0 in stage 29.0 (TID 98) in 17 ms on localhost (executor driver) (2/2)
19/03/20 09:48:28 INFO TaskSchedulerImpl: Removed TaskSet 29.0, whose tasks have all completed, from pool 
19/03/20 09:48:28 INFO DAGScheduler: ResultStage 29 (collect at arrowconverters.scala:284) finished in 0.037 s
19/03/20 09:48:28 INFO DAGScheduler: Job 23 finished: collect at arrowconverters.scala:284, took 0.044712 s
19/03/20 09:48:28 INFO ContextCleaner: Cleaned accumulator 879
19/03/20 09:48:28 INFO ContextCleaner: Cleaned accumulator 876
19/03/20 09:48:28 INFO ContextCleaner: Cleaned accumulator 864
19/03/20 09:48:28 INFO ContextCleaner: Cleaned accumulator 867
19/03/20 09:48:28 INFO ContextCleaner: Cleaned accumulator 882
19/03/20 09:48:28 INFO ContextCleaner: Cleaned accumulator 884
19/03/20 09:48:28 INFO ContextCleaner: Cleaned accumulator 877
19/03/20 09:48:28 INFO ContextCleaner: Cleaned accumulator 869
19/03/20 09:48:28 INFO ContextCleaner: Cleaned accumulator 866
19/03/20 09:48:28 INFO ContextCleaner: Cleaned accumulator 871
19/03/20 09:48:28 INFO BlockManagerInfo: Removed broadcast_35_piece0 on localhost:38879 in memory (size: 4.9 KB, free: 6.1 GB)
19/03/20 09:48:28 INFO ContextCleaner: Cleaned accumulator 865
19/03/20 09:48:28 INFO ContextCleaner: Cleaned accumulator 863
19/03/20 09:48:28 INFO ContextCleaner: Cleaned accumulator 883
19/03/20 09:48:28 INFO ContextCleaner: Cleaned accumulator 860
19/03/20 09:48:28 INFO ContextCleaner: Cleaned accumulator 861
19/03/20 09:48:28 INFO ContextCleaner: Cleaned accumulator 874
19/03/20 09:48:28 INFO ContextCleaner: Cleaned accumulator 878
19/03/20 09:48:28 INFO ContextCleaner: Cleaned accumulator 862
19/03/20 09:48:28 INFO ContextCleaner: Cleaned accumulator 880
19/03/20 09:48:28 INFO ContextCleaner: Cleaned accumulator 870
19/03/20 09:48:28 INFO ContextCleaner: Cleaned accumulator 885
19/03/20 09:48:28 INFO ContextCleaner: Cleaned accumulator 868
19/03/20 09:48:28 INFO ContextCleaner: Cleaned accumulator 875
19/03/20 09:48:28 INFO ContextCleaner: Cleaned accumulator 859
19/03/20 09:48:28 INFO ContextCleaner: Cleaned accumulator 881
19/03/20 09:48:28 INFO ContextCleaner: Cleaned accumulator 872
19/03/20 09:48:28 INFO ContextCleaner: Cleaned accumulator 873
19/03/20 09:48:28 INFO SparkContext: Starting job: collect at arrowconverters.scala:284
19/03/20 09:48:28 INFO DAGScheduler: Got job 24 (collect at arrowconverters.scala:284) with 2 output partitions
19/03/20 09:48:28 INFO DAGScheduler: Final stage: ResultStage 30 (collect at arrowconverters.scala:284)
19/03/20 09:48:28 INFO DAGScheduler: Parents of final stage: List()
19/03/20 09:48:28 INFO DAGScheduler: Missing parents: List()
19/03/20 09:48:28 INFO DAGScheduler: Submitting ResultStage 30 (MapPartitionsRDD[150] at collect at arrowconverters.scala:284), which has no missing parents
19/03/20 09:48:28 INFO MemoryStore: Block broadcast_36 stored as values in memory (estimated size 9.5 KB, free 6.1 GB)
19/03/20 09:48:28 INFO MemoryStore: Block broadcast_36_piece0 stored as bytes in memory (estimated size 4.9 KB, free 6.1 GB)
19/03/20 09:48:28 INFO BlockManagerInfo: Added broadcast_36_piece0 in memory on localhost:38879 (size: 4.9 KB, free: 6.1 GB)
19/03/20 09:48:28 INFO SparkContext: Created broadcast 36 from broadcast at DAGScheduler.scala:1161
19/03/20 09:48:28 INFO DAGScheduler: Submitting 2 missing tasks from ResultStage 30 (MapPartitionsRDD[150] at collect at arrowconverters.scala:284) (first 15 tasks are for partitions Vector(0, 1))
19/03/20 09:48:28 INFO TaskSchedulerImpl: Adding task set 30.0 with 2 tasks
19/03/20 09:48:28 INFO TaskSetManager: Starting task 0.0 in stage 30.0 (TID 99, localhost, executor driver, partition 0, PROCESS_LOCAL, 8076 bytes)
19/03/20 09:48:28 INFO TaskSetManager: Starting task 1.0 in stage 30.0 (TID 100, localhost, executor driver, partition 1, PROCESS_LOCAL, 8076 bytes)
19/03/20 09:48:28 INFO Executor: Running task 0.0 in stage 30.0 (TID 99)
19/03/20 09:48:28 INFO Executor: Running task 1.0 in stage 30.0 (TID 100)
19/03/20 09:48:28 INFO Executor: Finished task 1.0 in stage 30.0 (TID 100). 1463 bytes result sent to driver
19/03/20 09:48:28 INFO TaskSetManager: Finished task 1.0 in stage 30.0 (TID 100) in 10 ms on localhost (executor driver) (1/2)
19/03/20 09:48:28 INFO Executor: Finished task 0.0 in stage 30.0 (TID 99). 1463 bytes result sent to driver
19/03/20 09:48:28 INFO TaskSetManager: Finished task 0.0 in stage 30.0 (TID 99) in 11 ms on localhost (executor driver) (2/2)
19/03/20 09:48:28 INFO TaskSchedulerImpl: Removed TaskSet 30.0, whose tasks have all completed, from pool 
19/03/20 09:48:28 INFO DAGScheduler: ResultStage 30 (collect at arrowconverters.scala:284) finished in 0.017 s
19/03/20 09:48:28 INFO DAGScheduler: Job 24 finished: collect at arrowconverters.scala:284, took 0.019660 s
